<?xml version="1.0" encoding="utf-8"?><testsuites name="pytest tests"><testsuite name="pytest" errors="0" failures="0" skipped="0" tests="33" time="0.388" timestamp="2026-06-18T09:04:26.886817-03:00" hostname="ipadad-gaming"><testcase classname="tests.test_cli_commands.CliRunTest" name="test_builds_service_from_cli_configuration" time="0.009" /><testcase classname="tests.test_cli_commands.CliRunTest" name="test_returns_when_ffmpeg_is_missing" time="0.004" /><testcase classname="tests.test_cli_commands.CliRunTest" name="test_returns_when_model_cannot_be_loaded" time="0.003" /><testcase classname="tests.test_cli_commands.CliRunTest" name="test_returns_when_output_directory_cannot_be_created" time="0.004" /><testcase classname="tests.test_cli_commands.CliRunTest" name="test_returns_when_output_file_cannot_be_written" time="0.003" /><testcase classname="tests.test_cli_commands.CliRunTest" name="test_returns_when_output_path_escapes_working_directory" time="0.003" /><testcase classname="tests.test_cli_commands.CliRunTest" name="test_returns_when_transcription_fails" time="0.004" /><testcase classname="tests.test_cli_commands.CliRunTest" name="test_returns_when_video_path_escapes_working_directory" time="0.003" /><testcase classname="tests.test_cli_commands.CliRunTest" name="test_returns_without_transcribing_when_video_does_not_exist" time="0.002" /><testcase classname="tests.test_cli_commands.CliRunTest" name="test_transcribes_existing_video_to_output_directory" time="0.008" /><testcase classname="tests.test_contracts.ContractsTest" name="test_default_abstract_methods_return_none_when_called_by_subclass" time="0.001" /><testcase classname="tests.test_contracts.ContractsTest" name="test_formatter_contract_is_abstract" time="0.001" /><testcase classname="tests.test_contracts.ContractsTest" name="test_text_writer_contract_is_abstract" time="0.001" /><testcase classname="tests.test_contracts.ContractsTest" name="test_transcription_service_contract_is_abstract" time="0.001" /><testcase classname="tests.test_file_writer.FileWriterTest" name="test_rejects_output_path_outside_base_directory" time="0.001" /><testcase classname="tests.test_file_writer.FileWriterTest" name="test_wraps_os_error_in_file_write_error" time="0.002" /><testcase classname="tests.test_file_writer.FileWriterTest" name="test_writes_text_file_with_utf8_encoding" time="0.001" /><testcase classname="tests.test_main.MainTest" name="test_module_entrypoint_passes_service_factory_to_cli" time="0.002" /><testcase classname="tests.test_speaker_assigner.SpeakerAssignerTest" name="test_assign_labels_by_pause" time="0.002" /><testcase classname="tests.test_speaker_assigner.SpeakerAssignerTest" name="test_assign_with_no_segments_does_nothing" time="0.001" /><testcase classname="tests.test_speaker_assigner.SpeakerAssignerTest" name="test_respects_max_speakers" time="0.001" /><testcase classname="tests.test_srt_formatter.SrtFormatterTest" name="test_formats_segments_as_srt_with_speakers" time="0.001" /><testcase classname="tests.test_time_formatter.FormatDurationTest" name="test_formats_duration_with_hours" time="0.001" /><testcase classname="tests.test_time_formatter.FormatDurationTest" name="test_formats_duration_without_hours" time="0.002" /><testcase classname="tests.test_timestamp_formatter.FormatTimestampTest" name="test_formats_seconds_as_minutes_and_seconds" time="0.001" /><testcase classname="tests.test_timestamp_formatter.TimestampFormatterTest" name="test_formats_empty_transcription_as_empty_text" time="0.001" /><testcase classname="tests.test_timestamp_formatter.TimestampFormatterTest" name="test_formats_transcription_segments_with_timestamps" time="0.001" /><testcase classname="tests.test_transcribe_video.TranscribeVideoTest" name="test_assigns_default_speakers_when_none_present" time="0.001" /><testcase classname="tests.test_transcribe_video.TranscribeVideoTest" name="test_transcribes_formats_writes_and_returns_output_path" time="0.001" /><testcase classname="tests.test_whisper_transcription_service.WhisperTranscriptionServiceTest" name="test_converts_whisper_result_to_domain_transcription_with_configured_language" time="0.004" /><testcase classname="tests.test_whisper_transcription_service.WhisperTranscriptionServiceTest" name="test_loads_whisper_model_with_configured_device" time="0.002" /><testcase classname="tests.test_whisper_transcription_service.WhisperTranscriptionServiceTest" name="test_wraps_model_load_failure" time="0.002" /><testcase classname="tests.test_whisper_transcription_service.WhisperTranscriptionServiceTest" name="test_wraps_transcription_failure" time="0.003" /></testsuite></testsuites>